[0m16:58:13.689498 [debug] [MainThread]: Sending event: {'category': 'dbt', 'action': 'invocation', 'label': 'start', 'context': [<snowplow_tracker.self_describing_json.SelfDescribingJson object at 0x10c87b380>, <snowplow_tracker.self_describing_json.SelfDescribingJson object at 0x10de13750>, <snowplow_tracker.self_describing_json.SelfDescribingJson object at 0x10de134d0>]}


============================== 16:58:13.691626 | ddf5de05-0a30-4f06-8723-63273ea8d2a4 ==============================
[0m16:58:13.691626 [info ] [MainThread]: Running with dbt=1.11.7
[0m16:58:13.691870 [debug] [MainThread]: running dbt with arguments {'log_format': 'default', 'printer_width': '80', 'profiles_dir': '/Users/mehdisimohammed/.dbt', 'send_anonymous_usage_stats': 'True', 'introspect': 'True', 'warn_error': 'None', 'indirect_selection': 'eager', 'empty': 'None', 'version_check': 'True', 'log_path': 'logs', 'write_json': 'True', 'cache_selected_only': 'False', 'target_path': 'None', 'debug': 'False', 'partial_parse': 'True', 'static_parser': 'True', 'fail_fast': 'False', 'quiet': 'False', 'invocation_command': 'dbt init --skip-profile-setup airbnb', 'use_colors': 'True', 'warn_error_options': 'WarnErrorOptionsV2(error=[], warn=[], silence=[])', 'log_cache_events': 'False', 'no_print': 'None', 'use_experimental_parser': 'False'}
[0m16:58:13.717272 [info ] [MainThread]: Creating dbt configuration folder at /Users/mehdisimohammed/.dbt
[0m16:58:13.718282 [debug] [MainThread]: Starter project path: /Users/mehdisimohammed/Documents/Formations/New dbt course AIRBNB/code_repo/course/.venv/lib/python3.13/site-packages/dbt/include/starter_project
[0m16:58:13.721578 [info ] [MainThread]: 
Your new dbt project "airbnb" was created!

For more information on how to configure the profiles.yml file,
please consult the dbt documentation here:

  https://docs.getdbt.com/docs/configure-your-profile

One more thing:

Need help? Don't hesitate to reach out to us via GitHub issues or on Slack:

  https://community.getdbt.com/

Happy modeling!

[0m16:58:13.918976 [debug] [MainThread]: Resource report: {"command_name": "init", "command_success": true, "command_wall_clock_time": 0.26107818, "process_in_blocks": "0", "process_kernel_time": 0.087909, "process_mem_max_rss": "116736000", "process_out_blocks": "0", "process_user_time": 0.511906}
[0m16:58:13.919440 [debug] [MainThread]: Command `dbt init` succeeded at 16:58:13.919333 after 0.26 seconds
[0m16:58:13.919746 [debug] [MainThread]: Sending event: {'category': 'dbt', 'action': 'invocation', 'label': 'end', 'context': [<snowplow_tracker.self_describing_json.SelfDescribingJson object at 0x10dfa03e0>, <snowplow_tracker.self_describing_json.SelfDescribingJson object at 0x10dfc0a70>, <snowplow_tracker.self_describing_json.SelfDescribingJson object at 0x10defc490>]}
[0m16:58:13.919973 [debug] [MainThread]: Flushing usage events
[0m16:58:14.439640 [debug] [MainThread]: An error was encountered while trying to flush usage events
[0m11:09:00.995921 [debug] [MainThread]: Sending event: {'category': 'dbt', 'action': 'invocation', 'label': 'start', 'context': [<snowplow_tracker.self_describing_json.SelfDescribingJson object at 0x108663380>, <snowplow_tracker.self_describing_json.SelfDescribingJson object at 0x109bfb750>, <snowplow_tracker.self_describing_json.SelfDescribingJson object at 0x109bfb4d0>]}


============================== 11:09:00.998452 | 8f4e4564-7eb9-42f8-888e-4cadf4eae8a2 ==============================
[0m11:09:00.998452 [info ] [MainThread]: Running with dbt=1.11.7
[0m11:09:00.998695 [debug] [MainThread]: running dbt with arguments {'invocation_command': 'dbt debug', 'warn_error_options': 'WarnErrorOptionsV2(error=[], warn=[], silence=[])', 'use_colors': 'True', 'quiet': 'False', 'cache_selected_only': 'False', 'profiles_dir': '/Users/mehdisimohammed/.dbt', 'log_cache_events': 'False', 'static_parser': 'True', 'introspect': 'True', 'log_path': 'logs', 'partial_parse': 'True', 'warn_error': 'None', 'use_experimental_parser': 'False', 'version_check': 'True', 'no_print': 'None', 'log_format': 'default', 'fail_fast': 'False', 'empty': 'None', 'printer_width': '80', 'target_path': 'None', 'debug': 'False', 'indirect_selection': 'eager', 'write_json': 'True', 'send_anonymous_usage_stats': 'True'}
[0m11:09:01.007496 [info ] [MainThread]: dbt version: 1.11.7
[0m11:09:01.007665 [info ] [MainThread]: python version: 3.13.12
[0m11:09:01.007774 [info ] [MainThread]: python path: /Users/mehdisimohammed/Documents/Formations/New dbt course AIRBNB/code_repo/course/.venv/bin/python
[0m11:09:01.007872 [info ] [MainThread]: os info: macOS-26.3.1-arm64-arm-64bit-Mach-O
[0m11:09:01.007977 [info ] [MainThread]: Using profiles dir at /Users/mehdisimohammed/.dbt
[0m11:09:01.008063 [info ] [MainThread]: Using profiles.yml file at /Users/mehdisimohammed/.dbt/profiles.yml
[0m11:09:01.008149 [info ] [MainThread]: Using dbt_project.yml file at /Users/mehdisimohammed/Documents/Formations/New dbt course AIRBNB/code_repo/course/dbt_project.yml
[0m11:09:01.008243 [info ] [MainThread]: Configuration:
[0m11:09:01.008327 [info ] [MainThread]:   profiles.yml file [[31mERROR not found[0m]
[0m11:09:01.008412 [info ] [MainThread]:   dbt_project.yml file [[31mERROR not found[0m]
[0m11:09:01.008494 [info ] [MainThread]: Required dependencies:
[0m11:09:01.008621 [debug] [MainThread]: Executing "git --help"
[0m11:09:01.020382 [debug] [MainThread]: STDOUT: "b"usage: git [-v | --version] [-h | --help] [-C <path>] [-c <name>=<value>]\n           [--exec-path[=<path>]] [--html-path] [--man-path] [--info-path]\n           [-p | --paginate | -P | --no-pager] [--no-replace-objects] [--no-lazy-fetch]\n           [--no-optional-locks] [--no-advice] [--bare] [--git-dir=<path>]\n           [--work-tree=<path>] [--namespace=<name>] [--config-env=<name>=<envvar>]\n           <command> [<args>]\n\nThese are common Git commands used in various situations:\n\nstart a working area (see also: git help tutorial)\n   clone      Clone a repository into a new directory\n   init       Create an empty Git repository or reinitialize an existing one\n\nwork on the current change (see also: git help everyday)\n   add        Add file contents to the index\n   mv         Move or rename a file, a directory, or a symlink\n   restore    Restore working tree files\n   rm         Remove files from the working tree and from the index\n\nexamine the history and state (see also: git help revisions)\n   bisect     Use binary search to find the commit that introduced a bug\n   diff       Show changes between commits, commit and working tree, etc\n   grep       Print lines matching a pattern\n   log        Show commit logs\n   show       Show various types of objects\n   status     Show the working tree status\n\ngrow, mark and tweak your common history\n   backfill   Download missing objects in a partial clone\n   branch     List, create, or delete branches\n   commit     Record changes to the repository\n   merge      Join two or more development histories together\n   rebase     Reapply commits on top of another base tip\n   reset      Reset current HEAD to the specified state\n   switch     Switch branches\n   tag        Create, list, delete or verify a tag object signed with GPG\n\ncollaborate (see also: git help workflows)\n   fetch      Download objects and refs from another repository\n   pull       Fetch from and integrate with another repository or a local branch\n   push       Update remote refs along with associated objects\n\n'git help -a' and 'git help -g' list available subcommands and some\nconcept guides. See 'git help <command>' or 'git help <concept>'\nto read about a specific subcommand or concept.\nSee 'git help git' for an overview of the system.\n""
[0m11:09:01.020806 [debug] [MainThread]: STDERR: "b''"
[0m11:09:01.020921 [info ] [MainThread]:  - git [[32mOK found[0m]

[0m11:09:01.021039 [info ] [MainThread]: Connection test skipped since no profile was found
[0m11:09:01.021204 [info ] [MainThread]: [31m2 checks failed:[0m
[0m11:09:01.021301 [info ] [MainThread]: dbt looked for a profiles.yml file in /Users/mehdisimohammed/.dbt/profiles.yml, but did
not find one. For more information on configuring your profile, consult the
documentation:

https://docs.getdbt.com/docs/configure-your-profile


[0m11:09:01.021406 [info ] [MainThread]: Project loading failed for the following reason:
 project path </Users/mehdisimohammed/Documents/Formations/New dbt course AIRBNB/code_repo/course/dbt_project.yml> not found

[0m11:09:01.031697 [debug] [MainThread]: Resource report: {"command_name": "debug", "command_success": false, "command_wall_clock_time": 0.0680515, "process_in_blocks": "0", "process_kernel_time": 0.124316, "process_mem_max_rss": "114589696", "process_out_blocks": "0", "process_user_time": 0.574773}
[0m11:09:01.031939 [debug] [MainThread]: Command `dbt debug` failed at 11:09:01.031895 after 0.07 seconds
[0m11:09:01.032125 [debug] [MainThread]: Sending event: {'category': 'dbt', 'action': 'invocation', 'label': 'end', 'context': [<snowplow_tracker.self_describing_json.SelfDescribingJson object at 0x109c27230>, <snowplow_tracker.self_describing_json.SelfDescribingJson object at 0x109c803b0>, <snowplow_tracker.self_describing_json.SelfDescribingJson object at 0x109cb1150>]}
[0m11:09:01.032285 [debug] [MainThread]: Flushing usage events
[0m11:09:01.487001 [debug] [MainThread]: An error was encountered while trying to flush usage events
[0m11:09:18.083518 [debug] [MainThread]: Sending event: {'category': 'dbt', 'action': 'invocation', 'label': 'start', 'context': [<snowplow_tracker.self_describing_json.SelfDescribingJson object at 0x10c4cf380>, <snowplow_tracker.self_describing_json.SelfDescribingJson object at 0x10da67750>, <snowplow_tracker.self_describing_json.SelfDescribingJson object at 0x10da674d0>]}


============================== 11:09:18.085334 | 10496d2d-4bc8-4e55-93f4-658c1e221cd7 ==============================
[0m11:09:18.085334 [info ] [MainThread]: Running with dbt=1.11.7
[0m11:09:18.085575 [debug] [MainThread]: running dbt with arguments {'partial_parse': 'True', 'target_path': 'None', 'no_print': 'None', 'profiles_dir': '/Users/mehdisimohammed/.dbt', 'invocation_command': 'dbt debug', 'static_parser': 'True', 'version_check': 'True', 'log_format': 'default', 'use_experimental_parser': 'False', 'printer_width': '80', 'write_json': 'True', 'empty': 'None', 'cache_selected_only': 'False', 'send_anonymous_usage_stats': 'True', 'debug': 'False', 'introspect': 'True', 'use_colors': 'True', 'warn_error': 'None', 'fail_fast': 'False', 'log_cache_events': 'False', 'quiet': 'False', 'log_path': 'logs', 'indirect_selection': 'eager', 'warn_error_options': 'WarnErrorOptionsV2(error=[], warn=[], silence=[])'}
[0m11:09:18.089530 [info ] [MainThread]: dbt version: 1.11.7
[0m11:09:18.089653 [info ] [MainThread]: python version: 3.13.12
[0m11:09:18.089762 [info ] [MainThread]: python path: /Users/mehdisimohammed/Documents/Formations/New dbt course AIRBNB/code_repo/course/.venv/bin/python
[0m11:09:18.089864 [info ] [MainThread]: os info: macOS-26.3.1-arm64-arm-64bit-Mach-O
[0m11:09:18.089970 [info ] [MainThread]: Using profiles dir at /Users/mehdisimohammed/.dbt
[0m11:09:18.090061 [info ] [MainThread]: Using profiles.yml file at /Users/mehdisimohammed/.dbt/profiles.yml
[0m11:09:18.090158 [info ] [MainThread]: Using dbt_project.yml file at /Users/mehdisimohammed/Documents/Formations/New dbt course AIRBNB/code_repo/course/dbt_project.yml
[0m11:09:18.090262 [info ] [MainThread]: Configuration:
[0m11:09:18.090348 [info ] [MainThread]:   profiles.yml file [[31mERROR not found[0m]
[0m11:09:18.090440 [info ] [MainThread]:   dbt_project.yml file [[31mERROR not found[0m]
[0m11:09:18.090557 [info ] [MainThread]: Required dependencies:
[0m11:09:18.090760 [debug] [MainThread]: Executing "git --help"
[0m11:09:18.103499 [debug] [MainThread]: STDOUT: "b"usage: git [-v | --version] [-h | --help] [-C <path>] [-c <name>=<value>]\n           [--exec-path[=<path>]] [--html-path] [--man-path] [--info-path]\n           [-p | --paginate | -P | --no-pager] [--no-replace-objects] [--no-lazy-fetch]\n           [--no-optional-locks] [--no-advice] [--bare] [--git-dir=<path>]\n           [--work-tree=<path>] [--namespace=<name>] [--config-env=<name>=<envvar>]\n           <command> [<args>]\n\nThese are common Git commands used in various situations:\n\nstart a working area (see also: git help tutorial)\n   clone      Clone a repository into a new directory\n   init       Create an empty Git repository or reinitialize an existing one\n\nwork on the current change (see also: git help everyday)\n   add        Add file contents to the index\n   mv         Move or rename a file, a directory, or a symlink\n   restore    Restore working tree files\n   rm         Remove files from the working tree and from the index\n\nexamine the history and state (see also: git help revisions)\n   bisect     Use binary search to find the commit that introduced a bug\n   diff       Show changes between commits, commit and working tree, etc\n   grep       Print lines matching a pattern\n   log        Show commit logs\n   show       Show various types of objects\n   status     Show the working tree status\n\ngrow, mark and tweak your common history\n   backfill   Download missing objects in a partial clone\n   branch     List, create, or delete branches\n   commit     Record changes to the repository\n   merge      Join two or more development histories together\n   rebase     Reapply commits on top of another base tip\n   reset      Reset current HEAD to the specified state\n   switch     Switch branches\n   tag        Create, list, delete or verify a tag object signed with GPG\n\ncollaborate (see also: git help workflows)\n   fetch      Download objects and refs from another repository\n   pull       Fetch from and integrate with another repository or a local branch\n   push       Update remote refs along with associated objects\n\n'git help -a' and 'git help -g' list available subcommands and some\nconcept guides. See 'git help <command>' or 'git help <concept>'\nto read about a specific subcommand or concept.\nSee 'git help git' for an overview of the system.\n""
[0m11:09:18.104256 [debug] [MainThread]: STDERR: "b''"
[0m11:09:18.104410 [info ] [MainThread]:  - git [[32mOK found[0m]

[0m11:09:18.104566 [info ] [MainThread]: Connection test skipped since no profile was found
[0m11:09:18.104740 [info ] [MainThread]: [31m2 checks failed:[0m
[0m11:09:18.104836 [info ] [MainThread]: dbt looked for a profiles.yml file in /Users/mehdisimohammed/.dbt/profiles.yml, but did
not find one. For more information on configuring your profile, consult the
documentation:

https://docs.getdbt.com/docs/configure-your-profile


[0m11:09:18.104943 [info ] [MainThread]: Project loading failed for the following reason:
 project path </Users/mehdisimohammed/Documents/Formations/New dbt course AIRBNB/code_repo/course/dbt_project.yml> not found

[0m11:09:18.106162 [debug] [MainThread]: Resource report: {"command_name": "debug", "command_success": false, "command_wall_clock_time": 0.052120958, "process_in_blocks": "0", "process_kernel_time": 0.084675, "process_mem_max_rss": "114294784", "process_out_blocks": "0", "process_user_time": 0.509114}
[0m11:09:18.106364 [debug] [MainThread]: Command `dbt debug` failed at 11:09:18.106326 after 0.05 seconds
[0m11:09:18.106555 [debug] [MainThread]: Sending event: {'category': 'dbt', 'action': 'invocation', 'label': 'end', 'context': [<snowplow_tracker.self_describing_json.SelfDescribingJson object at 0x10da93230>, <snowplow_tracker.self_describing_json.SelfDescribingJson object at 0x10daec3b0>, <snowplow_tracker.self_describing_json.SelfDescribingJson object at 0x10db1d150>]}
[0m11:09:18.106716 [debug] [MainThread]: Flushing usage events
[0m11:09:18.549008 [debug] [MainThread]: An error was encountered while trying to flush usage events
[0m11:10:07.424810 [debug] [MainThread]: Sending event: {'category': 'dbt', 'action': 'invocation', 'label': 'start', 'context': [<snowplow_tracker.self_describing_json.SelfDescribingJson object at 0x10a96f380>, <snowplow_tracker.self_describing_json.SelfDescribingJson object at 0x10bf07750>, <snowplow_tracker.self_describing_json.SelfDescribingJson object at 0x10bf074d0>]}


============================== 11:10:07.426513 | d2fb4fd8-e213-48e5-9881-f442b2a0fede ==============================
[0m11:10:07.426513 [info ] [MainThread]: Running with dbt=1.11.7
[0m11:10:07.426740 [debug] [MainThread]: running dbt with arguments {'log_path': 'logs', 'cache_selected_only': 'False', 'log_cache_events': 'False', 'printer_width': '80', 'indirect_selection': 'eager', 'write_json': 'True', 'partial_parse': 'True', 'profiles_dir': '/Users/mehdisimohammed/.dbt', 'use_experimental_parser': 'False', 'debug': 'False', 'quiet': 'False', 'no_print': 'None', 'empty': 'None', 'warn_error': 'None', 'introspect': 'True', 'invocation_command': 'dbt debug', 'send_anonymous_usage_stats': 'True', 'version_check': 'True', 'static_parser': 'True', 'fail_fast': 'False', 'warn_error_options': 'WarnErrorOptionsV2(error=[], warn=[], silence=[])', 'target_path': 'None', 'log_format': 'default', 'use_colors': 'True'}
[0m11:10:07.430513 [info ] [MainThread]: dbt version: 1.11.7
[0m11:10:07.430637 [info ] [MainThread]: python version: 3.13.12
[0m11:10:07.430740 [info ] [MainThread]: python path: /Users/mehdisimohammed/Documents/Formations/New dbt course AIRBNB/code_repo/course/.venv/bin/python
[0m11:10:07.430840 [info ] [MainThread]: os info: macOS-26.3.1-arm64-arm-64bit-Mach-O
[0m11:10:07.430944 [info ] [MainThread]: Using profiles dir at /Users/mehdisimohammed/.dbt
[0m11:10:07.431035 [info ] [MainThread]: Using profiles.yml file at /Users/mehdisimohammed/.dbt/profiles.yml
[0m11:10:07.431129 [info ] [MainThread]: Using dbt_project.yml file at /Users/mehdisimohammed/Documents/Formations/New dbt course AIRBNB/code_repo/course/dbt_project.yml
[0m11:10:07.431225 [info ] [MainThread]: Configuration:
[0m11:10:07.431315 [info ] [MainThread]:   profiles.yml file [[31mERROR not found[0m]
[0m11:10:07.431400 [info ] [MainThread]:   dbt_project.yml file [[31mERROR not found[0m]
[0m11:10:07.431523 [info ] [MainThread]: Required dependencies:
[0m11:10:07.431788 [debug] [MainThread]: Executing "git --help"
[0m11:10:07.443511 [debug] [MainThread]: STDOUT: "b"usage: git [-v | --version] [-h | --help] [-C <path>] [-c <name>=<value>]\n           [--exec-path[=<path>]] [--html-path] [--man-path] [--info-path]\n           [-p | --paginate | -P | --no-pager] [--no-replace-objects] [--no-lazy-fetch]\n           [--no-optional-locks] [--no-advice] [--bare] [--git-dir=<path>]\n           [--work-tree=<path>] [--namespace=<name>] [--config-env=<name>=<envvar>]\n           <command> [<args>]\n\nThese are common Git commands used in various situations:\n\nstart a working area (see also: git help tutorial)\n   clone      Clone a repository into a new directory\n   init       Create an empty Git repository or reinitialize an existing one\n\nwork on the current change (see also: git help everyday)\n   add        Add file contents to the index\n   mv         Move or rename a file, a directory, or a symlink\n   restore    Restore working tree files\n   rm         Remove files from the working tree and from the index\n\nexamine the history and state (see also: git help revisions)\n   bisect     Use binary search to find the commit that introduced a bug\n   diff       Show changes between commits, commit and working tree, etc\n   grep       Print lines matching a pattern\n   log        Show commit logs\n   show       Show various types of objects\n   status     Show the working tree status\n\ngrow, mark and tweak your common history\n   backfill   Download missing objects in a partial clone\n   branch     List, create, or delete branches\n   commit     Record changes to the repository\n   merge      Join two or more development histories together\n   rebase     Reapply commits on top of another base tip\n   reset      Reset current HEAD to the specified state\n   switch     Switch branches\n   tag        Create, list, delete or verify a tag object signed with GPG\n\ncollaborate (see also: git help workflows)\n   fetch      Download objects and refs from another repository\n   pull       Fetch from and integrate with another repository or a local branch\n   push       Update remote refs along with associated objects\n\n'git help -a' and 'git help -g' list available subcommands and some\nconcept guides. See 'git help <command>' or 'git help <concept>'\nto read about a specific subcommand or concept.\nSee 'git help git' for an overview of the system.\n""
[0m11:10:07.443912 [debug] [MainThread]: STDERR: "b''"
[0m11:10:07.444024 [info ] [MainThread]:  - git [[32mOK found[0m]

[0m11:10:07.444131 [info ] [MainThread]: Connection test skipped since no profile was found
[0m11:10:07.444329 [info ] [MainThread]: [31m2 checks failed:[0m
[0m11:10:07.444509 [info ] [MainThread]: dbt looked for a profiles.yml file in /Users/mehdisimohammed/.dbt/profiles.yml, but did
not find one. For more information on configuring your profile, consult the
documentation:

https://docs.getdbt.com/docs/configure-your-profile


[0m11:10:07.444604 [info ] [MainThread]: Project loading failed for the following reason:
 project path </Users/mehdisimohammed/Documents/Formations/New dbt course AIRBNB/code_repo/course/dbt_project.yml> not found

[0m11:10:07.445819 [debug] [MainThread]: Resource report: {"command_name": "debug", "command_success": false, "command_wall_clock_time": 0.049360376, "process_in_blocks": "0", "process_kernel_time": 0.084275, "process_mem_max_rss": "114638848", "process_out_blocks": "0", "process_user_time": 0.504762}
[0m11:10:07.445999 [debug] [MainThread]: Command `dbt debug` failed at 11:10:07.445963 after 0.05 seconds
[0m11:10:07.446161 [debug] [MainThread]: Sending event: {'category': 'dbt', 'action': 'invocation', 'label': 'end', 'context': [<snowplow_tracker.self_describing_json.SelfDescribingJson object at 0x10bf33230>, <snowplow_tracker.self_describing_json.SelfDescribingJson object at 0x10bf8c3b0>, <snowplow_tracker.self_describing_json.SelfDescribingJson object at 0x10bfbd150>]}
[0m11:10:07.446306 [debug] [MainThread]: Flushing usage events
[0m11:10:07.834560 [debug] [MainThread]: An error was encountered while trying to flush usage events
