[32m2026-04-11 13:05:07 +0200[0m - dagster - [34mDEBUG[0m - __ASSET_JOB - a3b47a67-466b-48a0-91b7-ea9f6cc4c452 - 18461 - LOGS_CAPTURED - Started capturing logs in process (pid: 18461).
[32m2026-04-11 13:05:07 +0200[0m - dagster - [34mDEBUG[0m - __ASSET_JOB - a3b47a67-466b-48a0-91b7-ea9f6cc4c452 - 18461 - airbnb_dbt_assets - STEP_START - Started execution of step "airbnb_dbt_assets".
[32m2026-04-11 13:05:07 +0200[0m - dagster - [34mINFO[0m - __ASSET_JOB - a3b47a67-466b-48a0-91b7-ea9f6cc4c452 - airbnb_dbt_assets - A dbt subsetted execution is being performed. Overriding default dbt selection arguments `['--select', 'fqn:*']` with arguments: `['airbnb.dim.dim_listings_w_hosts', 'airbnb.dim.dim_hosts_cleansed', 'airbnb.dim.dim_listings_cleansed']`.
[32m2026-04-11 13:05:08 +0200[0m - dagster - [34mINFO[0m - __ASSET_JOB - a3b47a67-466b-48a0-91b7-ea9f6cc4c452 - airbnb_dbt_assets - Copying `/Users/mehdisimohammed/Documents/Formations/AIRBNB/code_repo/course/airbnb/target/partial_parse.msgpack` to `/Users/mehdisimohammed/Documents/Formations/AIRBNB/code_repo/course/airbnb/target/airbnb_dbt_assets-a3b47a6-be01283/partial_parse.msgpack` to take advantage of partial parsing.
[32m2026-04-11 13:05:08 +0200[0m - dagster - [34mINFO[0m - __ASSET_JOB - a3b47a67-466b-48a0-91b7-ea9f6cc4c452 - airbnb_dbt_assets - Running dbt command: `dbt build --select airbnb.dim.dim_listings_w_hosts airbnb.dim.dim_hosts_cleansed airbnb.dim.dim_listings_cleansed`.
[32m2026-04-11 13:05:12 +0200[0m - dagster - [34mDEBUG[0m - __ASSET_JOB - a3b47a67-466b-48a0-91b7-ea9f6cc4c452 - 18461 - airbnb_dbt_assets - STEP_OUTPUT - Yielded output "dim_hosts_cleansed" of type "Nothing". (Type check passed).
[32m2026-04-11 13:05:12 +0200[0m - dagster - [34mDEBUG[0m - __ASSET_JOB - a3b47a67-466b-48a0-91b7-ea9f6cc4c452 - 18461 - airbnb_dbt_assets - ASSET_MATERIALIZATION - Materialized value dim_hosts_cleansed.
[32m2026-04-11 13:05:12 +0200[0m - dagster - [34mDEBUG[0m - __ASSET_JOB - a3b47a67-466b-48a0-91b7-ea9f6cc4c452 - 18461 - airbnb_dbt_assets - STEP_OUTPUT - Yielded output "dim_listings_cleansed" of type "Nothing". (Type check passed).
[32m2026-04-11 13:05:12 +0200[0m - dagster - [34mDEBUG[0m - __ASSET_JOB - a3b47a67-466b-48a0-91b7-ea9f6cc4c452 - 18461 - airbnb_dbt_assets - ASSET_MATERIALIZATION - Materialized value dim_listings_cleansed.
[32m2026-04-11 13:05:13 +0200[0m - dagster - [34mDEBUG[0m - __ASSET_JOB - a3b47a67-466b-48a0-91b7-ea9f6cc4c452 - 18461 - airbnb_dbt_assets - STEP_OUTPUT - Yielded output "dim_hosts_cleansed_accepted_values_dim_hosts_cleansed_is_superhost__t__f" of type "Any". (Type check passed).
[32m2026-04-11 13:05:13 +0200[0m - dagster - [34mDEBUG[0m - __ASSET_JOB - a3b47a67-466b-48a0-91b7-ea9f6cc4c452 - 18461 - airbnb_dbt_assets - ASSET_CHECK_EVALUATION - Asset check 'accepted_values_dim_hosts_cleansed_is_superhost__t__f' on 'dim_hosts_cleansed' passed.
[32m2026-04-11 13:05:14 +0200[0m - dagster - [34mDEBUG[0m - __ASSET_JOB - a3b47a67-466b-48a0-91b7-ea9f6cc4c452 - 18461 - airbnb_dbt_assets - STEP_OUTPUT - Yielded output "dim_hosts_cleansed_not_null_dim_hosts_cleansed_host_id" of type "Any". (Type check passed).
[32m2026-04-11 13:05:14 +0200[0m - dagster - [34mDEBUG[0m - __ASSET_JOB - a3b47a67-466b-48a0-91b7-ea9f6cc4c452 - 18461 - airbnb_dbt_assets - ASSET_CHECK_EVALUATION - Asset check 'not_null_dim_hosts_cleansed_host_id' on 'dim_hosts_cleansed' passed.
[32m2026-04-11 13:05:15 +0200[0m - dagster - [34mDEBUG[0m - __ASSET_JOB - a3b47a67-466b-48a0-91b7-ea9f6cc4c452 - 18461 - airbnb_dbt_assets - STEP_OUTPUT - Yielded output "dim_hosts_cleansed_not_null_dim_hosts_cleansed_host_name" of type "Any". (Type check passed).
[32m2026-04-11 13:05:15 +0200[0m - dagster - [34mDEBUG[0m - __ASSET_JOB - a3b47a67-466b-48a0-91b7-ea9f6cc4c452 - 18461 - airbnb_dbt_assets - ASSET_CHECK_EVALUATION - Asset check 'not_null_dim_hosts_cleansed_host_name' on 'dim_hosts_cleansed' passed.
[32m2026-04-11 13:05:16 +0200[0m - dagster - [34mDEBUG[0m - __ASSET_JOB - a3b47a67-466b-48a0-91b7-ea9f6cc4c452 - 18461 - airbnb_dbt_assets - STEP_OUTPUT - Yielded output "dim_hosts_cleansed_unique_dim_hosts_cleansed_host_id" of type "Any". (Type check passed).
[32m2026-04-11 13:05:16 +0200[0m - dagster - [34mDEBUG[0m - __ASSET_JOB - a3b47a67-466b-48a0-91b7-ea9f6cc4c452 - 18461 - airbnb_dbt_assets - ASSET_CHECK_EVALUATION - Asset check 'unique_dim_hosts_cleansed_host_id' on 'dim_hosts_cleansed' passed.
[32m2026-04-11 13:05:16 +0200[0m - dagster - [34mDEBUG[0m - __ASSET_JOB - a3b47a67-466b-48a0-91b7-ea9f6cc4c452 - 18461 - airbnb_dbt_assets - STEP_OUTPUT - Yielded output "dim_listings_cleansed_accepted_values_dim_listings_cleansed_room_type__Entire_home_apt__Private_room__Shared_room__Hotel_room" of type "Any". (Type check passed).
[32m2026-04-11 13:05:16 +0200[0m - dagster - [34mDEBUG[0m - __ASSET_JOB - a3b47a67-466b-48a0-91b7-ea9f6cc4c452 - 18461 - airbnb_dbt_assets - ASSET_CHECK_EVALUATION - Asset check 'accepted_values_dim_listings_cleansed_room_type__Entire_home_apt__Private_room__Shared_room__Hotel_room' on 'dim_listings_cleansed' passed.
[32m2026-04-11 13:05:17 +0200[0m - dagster - [34mWARNING[0m - __ASSET_JOB - a3b47a67-466b-48a0-91b7-ea9f6cc4c452 - airbnb_dbt_assets - Logging an `AssetObservation` instead of an `AssetCheckResult` for dbt test `consistent_created_at`.

`consistent_created_at` is a singular test with multiple dependencies. Configure an asset key in the test's dbt meta to load it as an asset check.

This test was not included in Dagster's asset check selection, and was likely executed due to dbt indirect selection.
[32m2026-04-11 13:05:17 +0200[0m - dagster - [34mDEBUG[0m - __ASSET_JOB - a3b47a67-466b-48a0-91b7-ea9f6cc4c452 - 18461 - airbnb_dbt_assets - ASSET_OBSERVATION - DagsterEventType.ASSET_OBSERVATION for step airbnb_dbt_assets
[32m2026-04-11 13:05:17 +0200[0m - dagster - [34mDEBUG[0m - __ASSET_JOB - a3b47a67-466b-48a0-91b7-ea9f6cc4c452 - 18461 - airbnb_dbt_assets - ASSET_OBSERVATION - DagsterEventType.ASSET_OBSERVATION for step airbnb_dbt_assets
[32m2026-04-11 13:05:18 +0200[0m - dagster - [34mDEBUG[0m - __ASSET_JOB - a3b47a67-466b-48a0-91b7-ea9f6cc4c452 - 18461 - airbnb_dbt_assets - STEP_OUTPUT - Yielded output "dim_listings_cleansed_dim_listings_minimum_nights" of type "Any". (Type check passed).
[32m2026-04-11 13:05:18 +0200[0m - dagster - [34mDEBUG[0m - __ASSET_JOB - a3b47a67-466b-48a0-91b7-ea9f6cc4c452 - 18461 - airbnb_dbt_assets - ASSET_CHECK_EVALUATION - Asset check 'dim_listings_minimum_nights' on 'dim_listings_cleansed' passed.
[32m2026-04-11 13:05:19 +0200[0m - dagster - [34mDEBUG[0m - __ASSET_JOB - a3b47a67-466b-48a0-91b7-ea9f6cc4c452 - 18461 - airbnb_dbt_assets - STEP_OUTPUT - Yielded output "dim_listings_cleansed_minimum_row_count_dim_listings_cleansed_1000" of type "Any". (Type check passed).
[32m2026-04-11 13:05:19 +0200[0m - dagster - [34mDEBUG[0m - __ASSET_JOB - a3b47a67-466b-48a0-91b7-ea9f6cc4c452 - 18461 - airbnb_dbt_assets - ASSET_CHECK_EVALUATION - Asset check 'minimum_row_count_dim_listings_cleansed_1000' on 'dim_listings_cleansed' passed.
[32m2026-04-11 13:05:19 +0200[0m - dagster - [34mDEBUG[0m - __ASSET_JOB - a3b47a67-466b-48a0-91b7-ea9f6cc4c452 - 18461 - airbnb_dbt_assets - STEP_OUTPUT - Yielded output "dim_listings_cleansed_not_null_dim_listings_cleansed_host_id" of type "Any". (Type check passed).
[32m2026-04-11 13:05:19 +0200[0m - dagster - [34mDEBUG[0m - __ASSET_JOB - a3b47a67-466b-48a0-91b7-ea9f6cc4c452 - 18461 - airbnb_dbt_assets - ASSET_CHECK_EVALUATION - Asset check 'not_null_dim_listings_cleansed_host_id' on 'dim_listings_cleansed' passed.
[32m2026-04-11 13:05:20 +0200[0m - dagster - [34mDEBUG[0m - __ASSET_JOB - a3b47a67-466b-48a0-91b7-ea9f6cc4c452 - 18461 - airbnb_dbt_assets - STEP_OUTPUT - Yielded output "dim_listings_cleansed_not_null_dim_listings_cleansed_listing_id" of type "Any". (Type check passed).
[32m2026-04-11 13:05:20 +0200[0m - dagster - [34mDEBUG[0m - __ASSET_JOB - a3b47a67-466b-48a0-91b7-ea9f6cc4c452 - 18461 - airbnb_dbt_assets - ASSET_CHECK_EVALUATION - Asset check 'not_null_dim_listings_cleansed_listing_id' on 'dim_listings_cleansed' passed.
[32m2026-04-11 13:05:21 +0200[0m - dagster - [34mDEBUG[0m - __ASSET_JOB - a3b47a67-466b-48a0-91b7-ea9f6cc4c452 - 18461 - airbnb_dbt_assets - STEP_OUTPUT - Yielded output "dim_listings_cleansed_positive_values_dim_listings_cleansed_minimum_nights" of type "Any". (Type check passed).
[32m2026-04-11 13:05:21 +0200[0m - dagster - [34mDEBUG[0m - __ASSET_JOB - a3b47a67-466b-48a0-91b7-ea9f6cc4c452 - 18461 - airbnb_dbt_assets - ASSET_CHECK_EVALUATION - Asset check 'positive_values_dim_listings_cleansed_minimum_nights' on 'dim_listings_cleansed' passed.
[32m2026-04-11 13:05:21 +0200[0m - dagster - [34mDEBUG[0m - __ASSET_JOB - a3b47a67-466b-48a0-91b7-ea9f6cc4c452 - 18461 - airbnb_dbt_assets - STEP_OUTPUT - Yielded output "dim_listings_cleansed_relationships_dim_listings_cleansed_host_id__host_id__ref_dim_hosts_cleansed_" of type "Any". (Type check passed).
[32m2026-04-11 13:05:21 +0200[0m - dagster - [34mDEBUG[0m - __ASSET_JOB - a3b47a67-466b-48a0-91b7-ea9f6cc4c452 - 18461 - airbnb_dbt_assets - ASSET_CHECK_EVALUATION - Asset check 'relationships_dim_listings_cleansed_host_id__host_id__ref_dim_hosts_cleansed_' on 'dim_listings_cleansed' passed.
[32m2026-04-11 13:05:22 +0200[0m - dagster - [34mDEBUG[0m - __ASSET_JOB - a3b47a67-466b-48a0-91b7-ea9f6cc4c452 - 18461 - airbnb_dbt_assets - STEP_OUTPUT - Yielded output "dim_listings_cleansed_unique_dim_listings_cleansed_listing_id" of type "Any". (Type check passed).
[32m2026-04-11 13:05:22 +0200[0m - dagster - [34mDEBUG[0m - __ASSET_JOB - a3b47a67-466b-48a0-91b7-ea9f6cc4c452 - 18461 - airbnb_dbt_assets - ASSET_CHECK_EVALUATION - Asset check 'unique_dim_listings_cleansed_listing_id' on 'dim_listings_cleansed' passed.
[32m2026-04-11 13:05:23 +0200[0m - dagster - [34mDEBUG[0m - __ASSET_JOB - a3b47a67-466b-48a0-91b7-ea9f6cc4c452 - 18461 - airbnb_dbt_assets - STEP_OUTPUT - Yielded output "dim_listings_w_hosts" of type "Nothing". (Type check passed).
[32m2026-04-11 13:05:23 +0200[0m - dagster - [34mDEBUG[0m - __ASSET_JOB - a3b47a67-466b-48a0-91b7-ea9f6cc4c452 - 18461 - airbnb_dbt_assets - ASSET_MATERIALIZATION - Materialized value dim_listings_w_hosts.
[32m2026-04-11 13:05:24 +0200[0m - dagster - [34mDEBUG[0m - __ASSET_JOB - a3b47a67-466b-48a0-91b7-ea9f6cc4c452 - 18461 - airbnb_dbt_assets - STEP_OUTPUT - Yielded output "dim_listings_w_hosts_dbt_expectations_expect_column_max_to_be_between_dim_listings_w_hosts_price__5000" of type "Any". (Type check passed).
[32m2026-04-11 13:05:24 +0200[0m - dagster - [34mDEBUG[0m - __ASSET_JOB - a3b47a67-466b-48a0-91b7-ea9f6cc4c452 - 18461 - airbnb_dbt_assets - ASSET_CHECK_EVALUATION - Asset check 'dbt_expectations_expect_column_max_to_be_between_dim_listings_w_hosts_price__5000' on 'dim_listings_w_hosts' did not pass.
[32m2026-04-11 13:05:25 +0200[0m - dagster - [34mDEBUG[0m - __ASSET_JOB - a3b47a67-466b-48a0-91b7-ea9f6cc4c452 - 18461 - airbnb_dbt_assets - STEP_OUTPUT - Yielded output "dim_listings_w_hosts_dbt_expectations_expect_column_quantile_values_to_be_between_dim_listings_w_hosts_price__500__50__0_99" of type "Any". (Type check passed).
[32m2026-04-11 13:05:25 +0200[0m - dagster - [34mDEBUG[0m - __ASSET_JOB - a3b47a67-466b-48a0-91b7-ea9f6cc4c452 - 18461 - airbnb_dbt_assets - ASSET_CHECK_EVALUATION - Asset check 'dbt_expectations_expect_column_quantile_values_to_be_between_dim_listings_w_hosts_price__500__50__0_99' on 'dim_listings_w_hosts' passed.
[32m2026-04-11 13:05:25 +0200[0m - dagster - [34mDEBUG[0m - __ASSET_JOB - a3b47a67-466b-48a0-91b7-ea9f6cc4c452 - 18461 - airbnb_dbt_assets - STEP_OUTPUT - Yielded output "dim_listings_w_hosts_dbt_expectations_expect_column_values_to_be_of_type_dim_listings_w_hosts_price__number" of type "Any". (Type check passed).
[32m2026-04-11 13:05:25 +0200[0m - dagster - [34mDEBUG[0m - __ASSET_JOB - a3b47a67-466b-48a0-91b7-ea9f6cc4c452 - 18461 - airbnb_dbt_assets - ASSET_CHECK_EVALUATION - Asset check 'dbt_expectations_expect_column_values_to_be_of_type_dim_listings_w_hosts_price__number' on 'dim_listings_w_hosts' passed.
[32m2026-04-11 13:05:26 +0200[0m - dagster - [34mDEBUG[0m - __ASSET_JOB - a3b47a67-466b-48a0-91b7-ea9f6cc4c452 - 18461 - airbnb_dbt_assets - STEP_OUTPUT - Yielded output "dim_listings_w_hosts_dbt_expectations_expect_table_row_count_to_equal_other_table_dim_listings_w_hosts_source_airbnb_listings_" of type "Any". (Type check passed).
[32m2026-04-11 13:05:26 +0200[0m - dagster - [34mDEBUG[0m - __ASSET_JOB - a3b47a67-466b-48a0-91b7-ea9f6cc4c452 - 18461 - airbnb_dbt_assets - ASSET_CHECK_EVALUATION - Asset check 'dbt_expectations_expect_table_row_count_to_equal_other_table_dim_listings_w_hosts_source_airbnb_listings_' on 'dim_listings_w_hosts' passed.
[32m2026-04-11 13:05:26 +0200[0m - dagster - [34mINFO[0m - __ASSET_JOB - a3b47a67-466b-48a0-91b7-ea9f6cc4c452 - airbnb_dbt_assets - Finished dbt command: `dbt build --select airbnb.dim.dim_listings_w_hosts airbnb.dim.dim_hosts_cleansed airbnb.dim.dim_listings_cleansed`.
[32m2026-04-11 13:05:26 +0200[0m - dagster - [34mDEBUG[0m - __ASSET_JOB - a3b47a67-466b-48a0-91b7-ea9f6cc4c452 - 18461 - airbnb_dbt_assets - STEP_SUCCESS - Finished execution of step "airbnb_dbt_assets" in 19.34s.
